{"contracts/Arbitrage.sol":{"l":{"28":0,"29":0,"33":0,"34":0,"35":0,"36":0,"41":0,"42":0,"43":0,"45":0,"46":0,"49":0,"51":0,"53":0,"66":0,"71":0},"path":"/Users/zezo/project/DeFi-Arbitrage-and-Prediction-Tool/hardhat/contracts/Arbitrage.sol","s":{"1":0,"2":0,"3":0,"4":0,"5":0,"6":0,"7":0,"8":0,"9":0},"b":{"1":[0,0],"2":[0,0],"3":[0,0],"4":[0,0]},"f":{"1":0,"2":0,"3":0,"4":0,"5":0},"fnMap":{"1":{"name":"onlyOwner","line":27,"loc":{"start":{"line":27,"column":4},"end":{"line":30,"column":4}}},"2":{"name":"constructor","line":32,"loc":{"start":{"line":32,"column":4},"end":{"line":37,"column":4}}},"3":{"name":"executeArbitrage","line":40,"loc":{"start":{"line":40,"column":4},"end":{"line":61,"column":4}}},"4":{"name":"getExternalBinancePrice","line":64,"loc":{"start":{"line":64,"column":4},"end":{"line":67,"column":4}}},"5":{"name":"emergencyWithdraw","line":70,"loc":{"start":{"line":70,"column":4},"end":{"line":72,"column":4}}}},"statementMap":{"1":{"start":{"line":28,"column":8},"end":{"line":28,"column":61}},"2":{"start":{"line":41,"column":8},"end":{"line":41,"column":29}},"3":{"start":{"line":45,"column":8},"end":{"line":45,"column":78}},"4":{"start":{"line":46,"column":8},"end":{"line":46,"column":41}},"5":{"start":{"line":49,"column":8},"end":{"line":49,"column":53}},"6":{"start":{"line":51,"column":8},"end":{"line":51,"column":1630}},"7":{"start":{"line":53,"column":12},"end":{"line":53,"column":1724}},"8":{"start":{"line":66,"column":8},"end":{"line":66,"column":16}},"9":{"start":{"line":71,"column":8},"end":{"line":71,"column":44}}},"branchMap":{"1":{"line":28,"type":"if","locations":[{"start":{"line":28,"column":8},"end":{"line":28,"column":8}},{"start":{"line":28,"column":8},"end":{"line":28,"column":8}}]},"2":{"line":40,"type":"if","locations":[{"start":{"line":40,"column":57},"end":{"line":40,"column":57}},{"start":{"line":40,"column":57},"end":{"line":40,"column":57}}]},"3":{"line":51,"type":"if","locations":[{"start":{"line":51,"column":8},"end":{"line":51,"column":8}},{"start":{"line":51,"column":8},"end":{"line":51,"column":8}}]},"4":{"line":70,"type":"if","locations":[{"start":{"line":70,"column":68},"end":{"line":70,"column":68}},{"start":{"line":70,"column":68},"end":{"line":70,"column":68}}]}}},"contracts/Lock.sol":{"l":{"14":2,"19":1,"20":1,"27":5,"28":4,"30":3,"32":3},"path":"/Users/zezo/project/DeFi-Arbitrage-and-Prediction-Tool/hardhat/contracts/Lock.sol","s":{"1":2,"2":5,"3":4,"4":3,"5":3},"b":{"1":[1,1],"2":[4,1],"3":[3,1]},"f":{"1":2,"2":5},"fnMap":{"1":{"name":"constructor","line":13,"loc":{"start":{"line":13,"column":4},"end":{"line":21,"column":4}}},"2":{"name":"withdraw","line":23,"loc":{"start":{"line":23,"column":4},"end":{"line":33,"column":4}}}},"statementMap":{"1":{"start":{"line":14,"column":8},"end":{"line":14,"column":328}},"2":{"start":{"line":27,"column":8},"end":{"line":27,"column":71}},"3":{"start":{"line":28,"column":8},"end":{"line":28,"column":59}},"4":{"start":{"line":30,"column":8},"end":{"line":30,"column":63}},"5":{"start":{"line":32,"column":8},"end":{"line":32,"column":44}}},"branchMap":{"1":{"line":14,"type":"if","locations":[{"start":{"line":14,"column":8},"end":{"line":14,"column":8}},{"start":{"line":14,"column":8},"end":{"line":14,"column":8}}]},"2":{"line":27,"type":"if","locations":[{"start":{"line":27,"column":8},"end":{"line":27,"column":8}},{"start":{"line":27,"column":8},"end":{"line":27,"column":8}}]},"3":{"line":28,"type":"if","locations":[{"start":{"line":28,"column":8},"end":{"line":28,"column":8}},{"start":{"line":28,"column":8},"end":{"line":28,"column":8}}]}}},"contracts/MockDAI.sol":{"l":{"8":26},"path":"/Users/zezo/project/DeFi-Arbitrage-and-Prediction-Tool/hardhat/contracts/MockDAI.sol","s":{"1":26},"b":{},"f":{"1":26},"fnMap":{"1":{"name":"constructor","line":7,"loc":{"start":{"line":7,"column":4},"end":{"line":9,"column":4}}}},"statementMap":{"1":{"start":{"line":8,"column":8},"end":{"line":8,"column":44}}},"branchMap":{}},"contracts/MockUniswapRouter.sol":{"l":{"8":22,"9":22,"13":0,"14":0,"15":0},"path":"/Users/zezo/project/DeFi-Arbitrage-and-Prediction-Tool/hardhat/contracts/MockUniswapRouter.sol","s":{},"b":{},"f":{"1":22,"2":0},"fnMap":{"1":{"name":"constructor","line":7,"loc":{"start":{"line":7,"column":4},"end":{"line":10,"column":4}}},"2":{"name":"getAmountsOut","line":12,"loc":{"start":{"line":12,"column":4},"end":{"line":16,"column":4}}}},"statementMap":{},"branchMap":{}},"contracts/MockWETH.sol":{"l":{"7":26},"path":"/Users/zezo/project/DeFi-Arbitrage-and-Prediction-Tool/hardhat/contracts/MockWETH.sol","s":{"1":26},"b":{},"f":{"1":26},"fnMap":{"1":{"name":"constructor","line":6,"loc":{"start":{"line":6,"column":4},"end":{"line":8,"column":4}}}},"statementMap":{"1":{"start":{"line":7,"column":8},"end":{"line":7,"column":44}}},"branchMap":{}}}