{
"contracts/MockDAI.sol":{"l":{"8":8},"path":"/Users/zezo/project/DeFi-Arbitrage-and-Prediction-Tool/hardhat/contracts/MockDAI.sol","s":{"1":8},"b":{},"f":{"1":8},"fnMap":{"1":{"name":"constructor","line":7,"loc":{"start":{"line":7,"column":4},"end":{"line":9,"column":4}}}},"statementMap":{"1":{"start":{"line":8,"column":8},"end":{"line":8,"column":44}}},"branchMap":{}},
"contracts/MockUniswapRouter.sol":{"l":{"12":4,"13":4,"14":4,"18":0,"22":0,"23":0,"24":0,"34":3,"35":3,"37":3,"38":3,"41":3,"42":2,"45":2,"47":2,"50":2,"51":2,"54":2,"55":2,"56":2},"path":"/Users/zezo/project/DeFi-Arbitrage-and-Prediction-Tool/hardhat/contracts/MockUniswapRouter.sol","s":{"1":3,"2":3,"3":3,"4":3,"5":3,"6":2,"7":2,"8":2,"9":2},"b":{"1":[3,0],"2":[3,0],"3":[2,0],"4":[2,0],"5":[2,0]},"f":{"1":4,"2":0,"3":0,"4":3},"fnMap":{"1":{"name":"constructor","line":11,"loc":{"start":{"line":11,"column":4},"end":{"line":15,"column":4}}},"2":{"name":"setExchangeRate","line":17,"loc":{"start":{"line":17,"column":4},"end":{"line":19,"column":4}}},"3":{"name":"getAmountsOut","line":21,"loc":{"start":{"line":21,"column":4},"end":{"line":25,"column":4}}},"4":{"name":"swapExactTokensForTokens","line":27,"loc":{"start":{"line":27,"column":4},"end":{"line":57,"column":4}}}},"statementMap":{"1":{"start":{"line":34,"column":8},"end":{"line":34,"column":66}},"2":{"start":{"line":35,"column":8},"end":{"line":35,"column":70}},"3":{"start":{"line":37,"column":8},"end":{"line":37,"column":33}},"4":{"start":{"line":38,"column":8},"end":{"line":38,"column":34}},"5":{"start":{"line":41,"column":8},"end":{"line":41,"column":88}},"6":{"start":{"line":42,"column":8},"end":{"line":42,"column":53}},"7":{"start":{"line":45,"column":8},"end":{"line":45,"column":37}},"8":{"start":{"line":47,"column":8},"end":{"line":47,"column":88}},"9":{"start":{"line":51,"column":8},"end":{"line":51,"column":54}}},"branchMap":{"1":{"line":34,"type":"if","locations":[{"start":{"line":34,"column":8},"end":{"line":34,"column":8}},{"start":{"line":34,"column":8},"end":{"line":34,"column":8}}]},"2":{"line":35,"type":"if","locations":[{"start":{"line":35,"column":8},"end":{"line":35,"column":8}},{"start":{"line":35,"column":8},"end":{"line":35,"column":8}}]},"3":{"line":42,"type":"if","locations":[{"start":{"line":42,"column":8},"end":{"line":42,"column":8}},{"start":{"line":42,"column":8},"end":{"line":42,"column":8}}]},"4":{"line":47,"type":"if","locations":[{"start":{"line":47,"column":8},"end":{"line":47,"column":8}},{"start":{"line":47,"column":8},"end":{"line":47,"column":8}}]},"5":{"line":51,"type":"if","locations":[{"start":{"line":51,"column":8},"end":{"line":51,"column":8}},{"start":{"line":51,"column":8},"end":{"line":51,"column":8}}]}}},
"contracts/MockWETH.sol":{"l":{"7":8},"path":"/Users/zezo/project/DeFi-Arbitrage-and-Prediction-Tool/hardhat/contracts/MockWETH.sol","s":{"1":8},"b":{},"f":{"1":8},"fnMap":{"1":{"name":"constructor","line":6,"loc":{"start":{"line":6,"column":4},"end":{"line":8,"column":4}}}},"statementMap":{"1":{"start":{"line":7,"column":8},"end":{"line":7,"column":44}}},"branchMap":{}}}
