TN:
SF:/Users/zezo/project/DeFi-Arbitrage-and-Prediction-Tool/hardhat/contracts/Arbitrage.sol
FN:27,onlyOwner
FN:32,constructor
FN:40,executeArbitrage
FN:64,getExternalBinancePrice
FN:70,emergencyWithdraw
FNF:5
FNH:0
FNDA:0,onlyOwner
FNDA:0,constructor
FNDA:0,executeArbitrage
FNDA:0,getExternalBinancePrice
FNDA:0,emergencyWithdraw
DA:28,0
DA:29,0
DA:33,0
DA:34,0
DA:35,0
DA:36,0
DA:41,0
DA:42,0
DA:43,0
DA:45,0
DA:46,0
DA:49,0
DA:51,0
DA:53,0
DA:66,0
DA:71,0
LF:16
LH:0
BRDA:28,1,0,0
BRDA:28,1,1,0
BRDA:40,2,0,0
BRDA:40,2,1,0
BRDA:51,3,0,0
BRDA:51,3,1,0
BRDA:70,4,0,0
BRDA:70,4,1,0
BRF:8
BRH:0
end_of_record
TN:
SF:/Users/zezo/project/DeFi-Arbitrage-and-Prediction-Tool/hardhat/contracts/Lock.sol
FN:13,constructor
FN:23,withdraw
FNF:2
FNH:2
FNDA:2,constructor
FNDA:5,withdraw
DA:14,2
DA:19,1
DA:20,1
DA:27,5
DA:28,4
DA:30,3
DA:32,3
LF:7
LH:7
BRDA:14,1,0,1
BRDA:14,1,1,1
BRDA:27,2,0,4
BRDA:27,2,1,1
BRDA:28,3,0,3
BRDA:28,3,1,1
BRF:6
BRH:6
end_of_record
TN:
SF:/Users/zezo/project/DeFi-Arbitrage-and-Prediction-Tool/hardhat/contracts/MockDAI.sol
FN:7,constructor
FNF:1
FNH:1
FNDA:26,constructor
DA:8,26
LF:1
LH:1
BRF:0
BRH:0
end_of_record
TN:
SF:/Users/zezo/project/DeFi-Arbitrage-and-Prediction-Tool/hardhat/contracts/MockUniswapRouter.sol
FN:7,constructor
FN:12,getAmountsOut
FNF:2
FNH:1
FNDA:22,constructor
FNDA:0,getAmountsOut
DA:8,22
DA:9,22
DA:13,0
DA:14,0
DA:15,0
LF:5
LH:2
BRF:0
BRH:0
end_of_record
TN:
SF:/Users/zezo/project/DeFi-Arbitrage-and-Prediction-Tool/hardhat/contracts/MockWETH.sol
FN:6,constructor
FNF:1
FNH:1
FNDA:26,constructor
DA:7,26
LF:1
LH:1
BRF:0
BRH:0
end_of_record
