TN:
SF:/Users/zezo/project/DeFi-Arbitrage-and-Prediction-Tool/hardhat/contracts/MockDAI.sol
FN:7,constructor
FNF:1
FNH:1
FNDA:8,constructor
DA:8,8
LF:1
LH:1
BRF:0
BRH:0
end_of_record
TN:
SF:/Users/zezo/project/DeFi-Arbitrage-and-Prediction-Tool/hardhat/contracts/MockUniswapRouter.sol
FN:11,constructor
FN:17,setExchangeRate
FN:21,getAmountsOut
FN:27,swapExactTokensForTokens
FNF:4
FNH:2
FNDA:4,constructor
FNDA:0,setExchangeRate
FNDA:0,getAmountsOut
FNDA:3,swapExactTokensForTokens
DA:12,4
DA:13,4
DA:14,4
DA:18,0
DA:22,0
DA:23,0
DA:24,0
DA:34,3
DA:35,3
DA:37,3
DA:38,3
DA:41,3
DA:42,2
DA:45,2
DA:47,2
DA:50,2
DA:51,2
DA:54,2
DA:55,2
DA:56,2
LF:20
LH:16
BRDA:34,1,0,3
BRDA:34,1,1,0
BRDA:35,2,0,3
BRDA:35,2,1,0
BRDA:42,3,0,2
BRDA:42,3,1,0
BRDA:47,4,0,2
BRDA:47,4,1,0
BRDA:51,5,0,2
BRDA:51,5,1,0
BRF:10
BRH:5
end_of_record
TN:
SF:/Users/zezo/project/DeFi-Arbitrage-and-Prediction-Tool/hardhat/contracts/MockWETH.sol
FN:6,constructor
FNF:1
FNH:1
FNDA:8,constructor
DA:7,8
LF:1
LH:1
BRF:0
BRH:0
end_of_record
